<?xml version="1.0" encoding="UTF-8"?>
<!-- Generated by org.testng.reporters.JUnitReportReporter -->
<testsuite skipped="0" hostname="Suresh-BI1270" name="Mavengroup.Mavenjava.ExtentReportTest" tests="1" failures="0" timestamp="31 May 2021 14:21:18 GMT" time="19.765" errors="0">
  <testcase name="browserLogin" time="19.765" classname="Mavengroup.Mavenjava.ExtentReportTest"/>
</testsuite> <!-- Mavengroup.Mavenjava.ExtentReportTest -->
